Vector image generator changes log

Version 1.8.4:
• Added ability to 'ask developer' via E-mail for help, or send wish, advice or bug report

Version 1.8.3:
• Fixed bug in Policy acception interface that disallowed to accept it in offline mode at first start

Version 1.8.2:
• ADP loader has been rebuilt; policy text now formatted properly;
• App about and Policy windows are now fully expandaple

Version 1.8:
• Cumulative updates applied

Version 1.7.3i:
• Application info interface now able to get last release's changes log;
• Found and fixed hidden bug that caused an error when starting the application from local network;
• Fixed bug that caused the web page request method to fail if server disconnected

Version 1.7.2:
• Added ability to accept/decline ADP at first start to the application info interface;
• Some tips has been improved

Version 1.7.1p:
• Updated application info interface (more convenient font is used for now);
• Added a button to access the Application development policy and EULA in the application info interface (due to ADP update);
• Added automatic check for updates to the application info interface

Version 1.7h:
• New application info interface implemented

Version 1.6.2L:
• Applied correct representation of supported languages list

Version 1.6u:
• First publication on GitHub;
• Application namespace, icon and development environment have been unified;
• Localization system has been applied; English localization has been added
